<component name="libraryTable">
  <library name="junit-jupiter-api-5.11.3">
    <CLASSES>
      <root url="jar://D:/HEI/L2/PROG3/Extention library/junit-jupiter-api-5.11.3.jar!/" />
    </CLASSES>
    <JAVADOC />
    <SOURCES />
  </library>
</component>